<?xml version="1.0" encoding="UTF-8"?>
<!-- Generated by org.testng.reporters.JUnitXMLReporter -->
<testsuite hostname="Maheshkannan" ignored="0" tests="1" failures="1" timestamp="06 Jan 2020 12:28:22 GMT" time="0.033" errors="0">
  <testcase name="myTestMethod" time="0.0" classname="SampleTest">
    <failure type="org.testng.TestNGException" message="
Parameter &amp;apos;browser&amp;apos; is required by @Test on method myTestMethod but has not been marked @Optional or defined
">
      <![CDATA[org.testng.TestNGException: 
Parameter 'browser' is required by @Test on method myTestMethod but has not been marked @Optional or defined

... Removed 33 stack frames]]>
    </failure>
  </testcase> <!-- myTestMethod -->
</testsuite>
